#
# A fatal error has been detected by the Java Runtime Environment:
#
#  SIGILL (0x4) at pc=0x00007fff91f940e7, pid=24495, tid=35847
#
# JRE version: Java(TM) SE Runtime Environment (8.0_45-b14) (build 1.8.0_45-b14)
# Java VM: Java HotSpot(TM) 64-Bit Server VM (25.45-b02 mixed mode bsd-amd64 compressed oops)
# Problematic frame:
# C  [libdispatch.dylib+0x20e7]  _os_object_retain+0x2d
#
# Failed to write core dump. Core dumps have been disabled. To enable core dumping, try "ulimit -c unlimited" before starting Java again
#
# If you would like to submit a bug report, please visit:
#   http://bugreport.java.com/bugreport/crash.jsp
#

---------------  T H R E A D  ---------------

Current thread is native thread

siginfo: si_signo: 4 (SIGILL), si_code: 1 (ILL_ILLOPC), si_addr: 0x00007fff91f940e7

Registers:
RAX=0x00007fccf3f5371c, RBX=0x00007fccf3e41120, RCX=0x00007fff91fba45e, RDX=0x0000000000000400
RSP=0x0000700000116828, RBP=0x0000700000116850, RSI=0x0000700000116860, RDI=0x00007fccf3f53710
R8 =0x00007fccf4948200, R9 =0x0000000000000001, R10=0x000000008db53c5c, R11=0x00000000b568874e
R12=0x0000700000116860, R13=0x0000000000000200, R14=0x00007fccf3da19f0, R15=0x00007fccf3e40f50
RIP=0x00007fff91f940e7, EFLAGS=0x0000000000010286, ERR=0x0000000000000000
  TRAPNO=0x0000000000000006

Top of Stack: (sp=0x0000700000116828)
0x0000700000116828:   00007fff93dbe7b0 0000700000116860
0x0000700000116838:   00007fccf485da00 00007000001168c8
0x0000700000116848:   00007fccf3da19f0 00007000001168b0
0x0000700000116858:   00007fff93d99063 00007fccf485da00
0x0000700000116868:   00007fccf485dbe0 00007fccf485dc10
0x0000700000116878:   00007fccf485de00 00007fccf3da1a00
0x0000700000116888:   0000000000006c0b 00007fccf3f2c300
0x0000700000116898:   0000700000116928 00007fccf3da19e0
0x00007000001168a8:   00007fccf3da19f0 0000700000116900
0x00007000001168b8:   00007fff93d98ed6 00007fccf65698c0
0x00007000001168c8:   00007fccf3f2c300 ff80000000006c0b
0x00007000001168d8:   00007fccf3f37140 000000006c65766c
0x00007000001168e8:   00007fccf3f37140 00007fccf3f37158
0x00007000001168f8:   000000000000060a 0000700000116980
0x0000700000116908:   00007fff93d94202 0000700000116940
0x0000700000116918:   00007fff9677d5b1 0000000100f90000
0x0000700000116928:   00007fff735680a0 0000000040000000
0x0000700000116938:   00007fff93dc3228 00007fff74ee7c30
0x0000700000116948:   00007fccf3f37140 0000000000000000
0x0000700000116958:   00000000766c6d65 000000006c65766c
0x0000700000116968:   00007fccf3f37140 0000000000000000
0x0000700000116978:   000000000000060a 00007000001169c0
0x0000700000116988:   00007fff93da0558 00006c0b00000000
0x0000700000116998:   000000000000060a 0000000000000000
0x00007000001169a8:   0000000000000004 000000000000060a
0x00007000001169b8:   00007fccf3ca17b0 0000700000116a00
0x00007000001169c8:   00007fff93d93be8 00007fff74ee8e98
0x00007000001169d8:   00007fff93d93a74 00000000766c6d65
0x00007000001169e8:   6c65766c93d92a23 00006c0b766c6d65
0x00007000001169f8:   0000000000000000 0000700000116a30
0x0000700000116a08:   00007fff93d93a47 00007fccf3da1640
0x0000700000116a18:   00007fcc00000000 00000000766c6d65 

Instructions: (pc=0x00007fff91f940e7)
0x00007fff91f940c7:   0c b9 01 00 00 00 f0 0f c1 08 85 c9 78 04 48 89
0x00007fff91f940d7:   f8 c3 48 8d 0d 7e 63 02 00 48 89 0d 11 21 ce e2
0x00007fff91f940e7:   0f 0b 8b 47 0c 3d ff ff ff 7f 74 11 48 8d 47 0c
0x00007fff91f940f7:   b9 ff ff ff ff f0 0f c1 08 85 c9 7e 01 c3 78 05 

Register to memory mapping:

RAX=0x00007fccf3f5371c is an unknown value
RBX=0x00007fccf3e41120 is an unknown value
RCX=0x00007fff91fba45e: __libdispatchVersionNumber+0xec6 in /usr/lib/system/libdispatch.dylib at 0x00007fff91f92000
RDX=0x0000000000000400 is an unknown value
RSP=0x0000700000116828 is an unknown value
RBP=0x0000700000116850 is an unknown value
RSI=0x0000700000116860 is an unknown value
RDI=0x00007fccf3f53710 is an unknown value
R8 =0x00007fccf4948200 is an unknown value
R9 =0x0000000000000001 is an unknown value
R10=0x000000008db53c5c is an unknown value
R11=0x00000000b568874e is an unknown value
R12=0x0000700000116860 is an unknown value
R13=0x0000000000000200 is an unknown value
R14=0x00007fccf3da19f0 is an unknown value
R15=0x00007fccf3e40f50 is an unknown value


Stack: [0x0000700000097000,0x0000700000117000],  sp=0x0000700000116828,  free space=510k
Native frames: (J=compiled Java code, j=interpreted, Vv=VM code, C=native code)
C  [libdispatch.dylib+0x20e7]  _os_object_retain+0x2d
C  [CoreAudio+0x8063]  void std::__1::vector<CADispatchQueue::EventSource, std::__1::allocator<CADispatchQueue::EventSource> >::__push_back_slow_path<CADispatchQueue::EventSource>(CADispatchQueue::EventSource&&)+0xf3
C  [CoreAudio+0x7ed6]  CADispatchQueue::InstallMachPortDeathNotification(unsigned int, void () block_pointer)+0xae
C  [CoreAudio+0x3202]  HALC_ProxyObject::HALC_ProxyObject(unsigned int, unsigned int, unsigned int, unsigned int)+0x9a
C  [CoreAudio+0xf558]  HALC_ProxyObjectMap::_CreateObject(unsigned int, unsigned int, unsigned int, unsigned int)+0xbc
C  [CoreAudio+0x2be8]  HALC_ProxyObjectMap::_CopyObjectByObjectID(unsigned int)+0xf8
C  [CoreAudio+0x2a47]  HALC_ProxyObjectMap::CopyObjectByObjectID(unsigned int)+0x43
C  [CoreAudio+0x15998]  HALC_ShellDevice::RebuildControlList(bool)+0x1de
C  [CoreAudio+0x239b9]  HALC_ShellDevice::_ProxyObject_GroupPropertiesChanged(unsigned int, unsigned int, unsigned int const*, unsigned int, unsigned int const*, unsigned int, AudioObjectPropertyAddress const*)+0x135
C  [CoreAudio+0x2387e]  invocation function for block in HALC_ShellDevice::ProxyObject_GroupPropertiesChanged(unsigned int, unsigned int, unsigned int const*, unsigned int, unsigned int const*, unsigned int, AudioObjectPropertyAddress const*)+0x3c
C  [CoreAudio+0x11913]  HALB_CommandGate::ExecuteCommand(void () block_pointer) const+0x21
C  [CoreAudio+0x2383c]  HALC_ShellDevice::ProxyObject_GroupPropertiesChanged(unsigned int, unsigned int, unsigned int const*, unsigned int, unsigned int const*, unsigned int, AudioObjectPropertyAddress const*)+0x66
C  [CoreAudio+0x23775]  invocation function for block in HALC_ProxyNotifications::_SendGroupPropertiesChanged(unsigned int, unsigned int, unsigned int const*, unsigned int, unsigned int const*, unsigned int, AudioObjectPropertyAddress const*, bool)+0x4d
C  [libdispatch.dylib+0xd871]  _dispatch_call_block_and_release+0xc
C  [libdispatch.dylib+0x233f]  _dispatch_client_callout+0x8
C  [libdispatch.dylib+0x61cf]  _dispatch_root_queue_drain+0x762
C  [libdispatch.dylib+0x5a34]  _dispatch_worker_thread3+0x5b
C  [libsystem_pthread.dylib+0x368f]  _pthread_wqthread+0x469
C  [libsystem_pthread.dylib+0x1365]  start_wqthread+0xd


---------------  P R O C E S S  ---------------

VM state:not at safepoint (normal execution)

VM Mutex/Monitor currently owned by a thread: None

Heap:
 PSYoungGen      total 38400K, used 19984K [0x0000000795580000, 0x0000000798000000, 0x00000007c0000000)
  eden space 33280K, 60% used [0x0000000795580000,0x00000007969042f8,0x0000000797600000)
  from space 5120K, 0% used [0x0000000797b00000,0x0000000797b00000,0x0000000798000000)
  to   space 5120K, 0% used [0x0000000797600000,0x0000000797600000,0x0000000797b00000)
 ParOldGen       total 87552K, used 31504K [0x0000000740000000, 0x0000000745580000, 0x0000000795580000)
  object space 87552K, 35% used [0x0000000740000000,0x0000000741ec4210,0x0000000745580000)
 Metaspace       used 9809K, capacity 10002K, committed 10240K, reserved 1058816K
  class space    used 1140K, capacity 1215K, committed 1280K, reserved 1048576K

Card table byte_map: [0x0000000111e15000,0x0000000112216000] byte_map_base: 0x000000010e415000

Marking Bits: (ParMarkBitMap*) 0x00000001022c27a0
 Begin Bits: [0x00000001124c1000, 0x00000001144c1000)
 End Bits:   [0x00000001144c1000, 0x00000001164c1000)

Polling page: 0x00000001011d3000

CodeCache: size=245760Kb used=3969Kb max_used=3985Kb free=241790Kb
 bounds [0x0000000102a55000, 0x0000000102e45000, 0x0000000111a55000]
 total_blobs=1595 nmethods=1112 adapters=397
 compilation: enabled

Compilation events (10 events):
Event: 17.653 Thread 0x00007fccf500a800 1107       1       sun.awt.SunHints$Value::get (8 bytes)
Event: 17.653 Thread 0x00007fccf500a800 nmethod 1107 0x0000000102e31950 code [0x0000000102e31ac0, 0x0000000102e31c10]
Event: 17.821 Thread 0x00007fccf500a000 1109       4       sun.java2d.pipe.BufferedContext::validate (518 bytes)
Event: 17.840 Thread 0x00007fccf500a000 nmethod 1109 0x0000000102e36ed0 code [0x0000000102e37120, 0x0000000102e380d8]
Event: 18.246 Thread 0x00007fccf5008000 1110       4       java.awt.Component::getForeground (29 bytes)
Event: 18.248 Thread 0x00007fccf5008000 nmethod 1110 0x0000000102e353d0 code [0x0000000102e35520, 0x0000000102e355e8]
Event: 18.530 Thread 0x00007fccf500a000 1111       4       sun.java2d.pipe.RenderQueue::lock (4 bytes)
Event: 18.532 Thread 0x00007fccf500a000 nmethod 1111 0x0000000102e33890 code [0x0000000102e339e0, 0x0000000102e33ac8]
Event: 18.576 Thread 0x00007fccf5008000 1112       4       sun.java2d.loops.ProcessPath$FillProcessHandler::processFixedLine (342 bytes)
Event: 18.595 Thread 0x00007fccf5008000 nmethod 1112 0x0000000102e3c090 code [0x0000000102e3c2c0, 0x0000000102e3d838]

GC Heap History (0 events):
No events

Deoptimization events (0 events):
No events

Internal exceptions (10 events):
Event: 0.041 Thread 0x00007fccf5802000 Exception <a 'java/lang/NoSuchMethodError': Method sun.misc.Unsafe.defineClass(Ljava/lang/String;[BII)Ljava/lang/Class; name or signature does not match> (0x0000000795592db0) thrown at [/Users/java_re/workspace/8-2-build-macosx-x86_64/jdk8u45/3457/hotspot
Event: 0.041 Thread 0x00007fccf5802000 Exception <a 'java/lang/NoSuchMethodError': Method sun.misc.Unsafe.prefetchRead(Ljava/lang/Object;J)V name or signature does not match> (0x0000000795593040) thrown at [/Users/java_re/workspace/8-2-build-macosx-x86_64/jdk8u45/3457/hotspot/src/share/vm/prim
Event: 0.101 Thread 0x00007fccf5802000 Exception <a 'java/security/PrivilegedActionException'> (0x0000000795791bf8) thrown at [/Users/java_re/workspace/8-2-build-macosx-x86_64/jdk8u45/3457/hotspot/src/share/vm/prims/jvm.cpp, line 1382]
Event: 0.101 Thread 0x00007fccf5802000 Exception <a 'java/security/PrivilegedActionException'> (0x0000000795791db0) thrown at [/Users/java_re/workspace/8-2-build-macosx-x86_64/jdk8u45/3457/hotspot/src/share/vm/prims/jvm.cpp, line 1382]
Event: 0.101 Thread 0x00007fccf5802000 Exception <a 'java/security/PrivilegedActionException'> (0x00000007957950e8) thrown at [/Users/java_re/workspace/8-2-build-macosx-x86_64/jdk8u45/3457/hotspot/src/share/vm/prims/jvm.cpp, line 1382]
Event: 0.101 Thread 0x00007fccf5802000 Exception <a 'java/security/PrivilegedActionException'> (0x00000007957952a0) thrown at [/Users/java_re/workspace/8-2-build-macosx-x86_64/jdk8u45/3457/hotspot/src/share/vm/prims/jvm.cpp, line 1382]
Event: 0.227 Thread 0x00007fccf5802000 Exception <a 'java/io/FileNotFoundException'> (0x0000000795799398) thrown at [/Users/java_re/workspace/8-2-build-macosx-x86_64/jdk8u45/3457/hotspot/src/share/vm/prims/jni.cpp, line 709]
Event: 0.227 Thread 0x00007fccf5802000 Exception <a 'java/io/FileNotFoundException'> (0x0000000795799ed8) thrown at [/Users/java_re/workspace/8-2-build-macosx-x86_64/jdk8u45/3457/hotspot/src/share/vm/prims/jni.cpp, line 709]
Event: 0.297 Thread 0x00007fccf5802000 Exception <a 'java/lang/NoSuchFieldError': method resolution failed> (0x0000000795924f30) thrown at [/Users/java_re/workspace/8-2-build-macosx-x86_64/jdk8u45/3457/hotspot/src/share/vm/prims/methodHandles.cpp, line 1125]
Event: 0.301 Thread 0x00007fccf5802000 Exception <a 'java/lang/NoSuchFieldError': method resolution failed> (0x0000000795933970) thrown at [/Users/java_re/workspace/8-2-build-macosx-x86_64/jdk8u45/3457/hotspot/src/share/vm/prims/methodHandles.cpp, line 1125]

Events (10 events):
Event: 1.117 loading class java/text/CharacterIterator
Event: 1.117 loading class java/text/CharacterIterator done
Event: 1.117 loading class java/text/AttributedCharacterIterator done
Event: 1.117 loading class java/text/AttributedString$AttributedStringIterator done
Event: 2.325 Thread 0x00007fccf5b0f800 DEOPT PACKING pc=0x0000000102c64022 sp=0x00007000016deaf0
Event: 2.325 Thread 0x00007fccf5b0f800 DEOPT UNPACKING pc=0x0000000102a9c633 sp=0x00007000016de828 mode 0
Event: 4.105 Executing VM operation: EnableBiasedLocking
Event: 4.106 Executing VM operation: EnableBiasedLocking done
Event: 11.429 Thread 0x00007fccf5b0f800 DEOPT PACKING pc=0x0000000102c8ef7e sp=0x00007000016e06b0
Event: 11.429 Thread 0x00007fccf5b0f800 DEOPT UNPACKING pc=0x0000000102a9c633 sp=0x00007000016e03e8 mode 0


Dynamic libraries:
0x00000000011fd000 	/System/Library/Frameworks/Cocoa.framework/Versions/A/Cocoa
0x00000000011fd000 	/System/Library/Frameworks/Security.framework/Versions/A/Security
0x00000000011fd000 	/System/Library/Frameworks/ApplicationServices.framework/Versions/A/ApplicationServices
0x00000000011fd000 	/usr/lib/libz.1.dylib
0x00000000011fd000 	/usr/lib/libSystem.B.dylib
0x00000000011fd000 	/usr/lib/libobjc.A.dylib
0x00000000011fd000 	/System/Library/Frameworks/CoreFoundation.framework/Versions/A/CoreFoundation
0x00000000011fd000 	/System/Library/Frameworks/Foundation.framework/Versions/C/Foundation
0x00000000011fd000 	/System/Library/Frameworks/AppKit.framework/Versions/C/AppKit
0x00000000011fd000 	/System/Library/Frameworks/CoreData.framework/Versions/A/CoreData
0x00000000011fd000 	/System/Library/PrivateFrameworks/RemoteViewServices.framework/Versions/A/RemoteViewServices
0x00000000011fd000 	/System/Library/PrivateFrameworks/UIFoundation.framework/Versions/A/UIFoundation
0x00000000011fd000 	/usr/lib/libScreenReader.dylib
0x00000000011fd000 	/System/Library/Frameworks/Accelerate.framework/Versions/A/Accelerate
0x00000000011fd000 	/System/Library/Frameworks/IOSurface.framework/Versions/A/IOSurface
0x00000000011fd000 	/System/Library/Frameworks/AudioToolbox.framework/Versions/A/AudioToolbox
0x00000000011fd000 	/System/Library/Frameworks/AudioUnit.framework/Versions/A/AudioUnit
0x00000000011fd000 	/System/Library/PrivateFrameworks/DataDetectorsCore.framework/Versions/A/DataDetectorsCore
0x00000000011fd000 	/System/Library/PrivateFrameworks/DesktopServicesPriv.framework/Versions/A/DesktopServicesPriv
0x00000000011fd000 	/System/Library/Frameworks/Carbon.framework/Versions/A/Frameworks/HIToolbox.framework/Versions/A/HIToolbox
0x00000000011fd000 	/System/Library/Frameworks/QuartzCore.framework/Versions/A/QuartzCore
0x00000000011fd000 	/System/Library/Frameworks/Carbon.framework/Versions/A/Frameworks/SpeechRecognition.framework/Versions/A/SpeechRecognition
0x00000000011fd000 	/usr/lib/libauto.dylib
0x00000000011fd000 	/usr/lib/libicucore.A.dylib
0x00000000011fd000 	/usr/lib/libxml2.2.dylib
0x00000000011fd000 	/System/Library/PrivateFrameworks/CoreUI.framework/Versions/A/CoreUI
0x00000000011fd000 	/System/Library/Frameworks/CoreAudio.framework/Versions/A/CoreAudio
0x00000000011fd000 	/System/Library/Frameworks/DiskArbitration.framework/Versions/A/DiskArbitration
0x00000000011fd000 	/usr/lib/liblangid.dylib
0x00000000011fd000 	/System/Library/PrivateFrameworks/MultitouchSupport.framework/Versions/A/MultitouchSupport
0x00000000011fd000 	/System/Library/Frameworks/IOKit.framework/Versions/A/IOKit
0x00000000011fd000 	/usr/lib/libDiagnosticMessagesClient.dylib
0x00000000011fd000 	/System/Library/Frameworks/CoreServices.framework/Versions/A/CoreServices
0x00000000011fd000 	/System/Library/PrivateFrameworks/PerformanceAnalysis.framework/Versions/A/PerformanceAnalysis
0x00000000011fd000 	/System/Library/PrivateFrameworks/GenerationalStorage.framework/Versions/A/GenerationalStorage
0x00000000011fd000 	/System/Library/Frameworks/OpenGL.framework/Versions/A/OpenGL
0x00000000011fd000 	/System/Library/PrivateFrameworks/Sharing.framework/Versions/A/Sharing
0x00000000011fd000 	/System/Library/Frameworks/CoreGraphics.framework/Versions/A/CoreGraphics
0x00000000011fd000 	/System/Library/Frameworks/CoreImage.framework/Versions/A/CoreImage
0x00000000011fd000 	/System/Library/Frameworks/CoreText.framework/Versions/A/CoreText
0x00000000011fd000 	/System/Library/Frameworks/ImageIO.framework/Versions/A/ImageIO
0x00000000011fd000 	/System/Library/PrivateFrameworks/Backup.framework/Versions/A/Backup
0x00000000011fd000 	/usr/lib/libextension.dylib
0x00000000011fd000 	/usr/lib/libarchive.2.dylib
0x00000000011fd000 	/System/Library/Frameworks/CFNetwork.framework/Versions/A/CFNetwork
0x00000000011fd000 	/System/Library/Frameworks/SystemConfiguration.framework/Versions/A/SystemConfiguration
0x00000000011fd000 	/usr/lib/libCRFSuite.dylib
0x00000000011fd000 	/usr/lib/libc++.1.dylib
0x00000000011fd000 	/usr/lib/libc++abi.dylib
0x00000000011fd000 	/usr/lib/system/libcache.dylib
0x00000000011fd000 	/usr/lib/system/libcommonCrypto.dylib
0x00000000011fd000 	/usr/lib/system/libcompiler_rt.dylib
0x00000000011fd000 	/usr/lib/system/libcopyfile.dylib
0x00000000011fd000 	/usr/lib/system/libcorecrypto.dylib
0x00000000011fd000 	/usr/lib/system/libdispatch.dylib
0x00000000011fd000 	/usr/lib/system/libdyld.dylib
0x00000000011fd000 	/usr/lib/system/libkeymgr.dylib
0x00000000011fd000 	/usr/lib/system/liblaunch.dylib
0x00000000011fd000 	/usr/lib/system/libmacho.dylib
0x00000000011fd000 	/usr/lib/system/libquarantine.dylib
0x00000000011fd000 	/usr/lib/system/libremovefile.dylib
0x00000000011fd000 	/usr/lib/system/libsystem_asl.dylib
0x00000000011fd000 	/usr/lib/system/libsystem_blocks.dylib
0x00000000011fd000 	/usr/lib/system/libsystem_c.dylib
0x00000000011fd000 	/usr/lib/system/libsystem_configuration.dylib
0x00000000011fd000 	/usr/lib/system/libsystem_coreservices.dylib
0x00000000011fd000 	/usr/lib/system/libsystem_coretls.dylib
0x00000000011fd000 	/usr/lib/system/libsystem_dnssd.dylib
0x00000000011fd000 	/usr/lib/system/libsystem_info.dylib
0x00000000011fd000 	/usr/lib/system/libsystem_kernel.dylib
0x00000000011fd000 	/usr/lib/system/libsystem_m.dylib
0x00000000011fd000 	/usr/lib/system/libsystem_malloc.dylib
0x00000000011fd000 	/usr/lib/system/libsystem_network.dylib
0x00000000011fd000 	/usr/lib/system/libsystem_networkextension.dylib
0x00000000011fd000 	/usr/lib/system/libsystem_notify.dylib
0x00000000011fd000 	/usr/lib/system/libsystem_platform.dylib
0x00000000011fd000 	/usr/lib/system/libsystem_pthread.dylib
0x00000000011fd000 	/usr/lib/system/libsystem_sandbox.dylib
0x00000000011fd000 	/usr/lib/system/libsystem_secinit.dylib
0x00000000011fd000 	/usr/lib/system/libsystem_trace.dylib
0x00000000011fd000 	/usr/lib/system/libunc.dylib
0x00000000011fd000 	/usr/lib/system/libunwind.dylib
0x00000000011fd000 	/usr/lib/system/libxpc.dylib
0x00000000011fd000 	/usr/lib/libenergytrace.dylib
0x00000000011fd000 	/usr/lib/libbsm.0.dylib
0x00000000011fd000 	/usr/lib/system/libkxld.dylib
0x00000000011fd000 	/usr/lib/libxar.1.dylib
0x00000000011fd000 	/usr/lib/libsqlite3.dylib
0x00000000011fd000 	/usr/lib/libpam.2.dylib
0x00000000011fd000 	/usr/lib/libOpenScriptingUtil.dylib
0x00000000011fd000 	/usr/lib/libbz2.1.0.dylib
0x00000000011fd000 	/usr/lib/liblzma.5.dylib
0x00000000011fd000 	/System/Library/Frameworks/CoreServices.framework/Versions/A/Frameworks/FSEvents.framework/Versions/A/FSEvents
0x00000000011fd000 	/System/Library/Frameworks/CoreServices.framework/Versions/A/Frameworks/CarbonCore.framework/Versions/A/CarbonCore
0x00000000011fd000 	/System/Library/Frameworks/CoreServices.framework/Versions/A/Frameworks/Metadata.framework/Versions/A/Metadata
0x00000000011fd000 	/System/Library/Frameworks/CoreServices.framework/Versions/A/Frameworks/OSServices.framework/Versions/A/OSServices
0x00000000011fd000 	/System/Library/Frameworks/CoreServices.framework/Versions/A/Frameworks/SearchKit.framework/Versions/A/SearchKit
0x00000000011fd000 	/System/Library/Frameworks/CoreServices.framework/Versions/A/Frameworks/AE.framework/Versions/A/AE
0x00000000011fd000 	/System/Library/Frameworks/CoreServices.framework/Versions/A/Frameworks/LaunchServices.framework/Versions/A/LaunchServices
0x00000000011fd000 	/System/Library/Frameworks/CoreServices.framework/Versions/A/Frameworks/DictionaryServices.framework/Versions/A/DictionaryServices
0x00000000011fd000 	/System/Library/Frameworks/CoreServices.framework/Versions/A/Frameworks/SharedFileList.framework/Versions/A/SharedFileList
0x00000000011fd000 	/System/Library/Frameworks/NetFS.framework/Versions/A/NetFS
0x00000000011fd000 	/System/Library/PrivateFrameworks/NetAuth.framework/Versions/A/NetAuth
0x00000000011fd000 	/System/Library/PrivateFrameworks/login.framework/Versions/A/Frameworks/loginsupport.framework/Versions/A/loginsupport
0x00000000011fd000 	/System/Library/PrivateFrameworks/TCC.framework/Versions/A/TCC
0x00000000011fd000 	/usr/lib/libmecabra.dylib
0x00000000011fd000 	/System/Library/Frameworks/ApplicationServices.framework/Versions/A/Frameworks/ATS.framework/Versions/A/ATS
0x00000000011fd000 	/System/Library/Frameworks/ApplicationServices.framework/Versions/A/Frameworks/ColorSync.framework/Versions/A/ColorSync
0x00000000011fd000 	/System/Library/Frameworks/ApplicationServices.framework/Versions/A/Frameworks/HIServices.framework/Versions/A/HIServices
0x00000000011fd000 	/System/Library/Frameworks/ApplicationServices.framework/Versions/A/Frameworks/LangAnalysis.framework/Versions/A/LangAnalysis
0x00000000011fd000 	/System/Library/Frameworks/ApplicationServices.framework/Versions/A/Frameworks/PrintCore.framework/Versions/A/PrintCore
0x00000000011fd000 	/System/Library/Frameworks/ApplicationServices.framework/Versions/A/Frameworks/QD.framework/Versions/A/QD
0x00000000011fd000 	/System/Library/Frameworks/ApplicationServices.framework/Versions/A/Frameworks/SpeechSynthesis.framework/Versions/A/SpeechSynthesis
0x00000000011fd000 	/System/Library/Frameworks/Metal.framework/Versions/A/Metal
0x00000000011fd000 	/System/Library/Frameworks/Accelerate.framework/Versions/A/Frameworks/vImage.framework/Versions/A/vImage
0x00000000011fd000 	/System/Library/Frameworks/Accelerate.framework/Versions/A/Frameworks/vecLib.framework/Versions/A/vecLib
0x00000000011fd000 	/System/Library/Frameworks/Accelerate.framework/Versions/A/Frameworks/vecLib.framework/Versions/A/libvDSP.dylib
0x00000000011fd000 	/System/Library/Frameworks/Accelerate.framework/Versions/A/Frameworks/vecLib.framework/Versions/A/libvMisc.dylib
0x00000000011fd000 	/System/Library/Frameworks/Accelerate.framework/Versions/A/Frameworks/vecLib.framework/Versions/A/libLAPACK.dylib
0x00000000011fd000 	/System/Library/Frameworks/Accelerate.framework/Versions/A/Frameworks/vecLib.framework/Versions/A/libBLAS.dylib
0x00000000011fd000 	/System/Library/Frameworks/Accelerate.framework/Versions/A/Frameworks/vecLib.framework/Versions/A/libLinearAlgebra.dylib
0x00000000011fd000 	/System/Library/Frameworks/Accelerate.framework/Versions/A/Frameworks/vecLib.framework/Versions/A/libSparseBLAS.dylib
0x00000000011fd000 	/System/Library/PrivateFrameworks/GPUCompiler.framework/libmetal_timestamp.dylib
0x00000000011fd000 	/System/Library/Frameworks/OpenGL.framework/Versions/A/Libraries/libCoreFSCache.dylib
0x00000000011fd000 	/System/Library/PrivateFrameworks/IOAccelerator.framework/Versions/A/IOAccelerator
0x00000000011fd000 	/System/Library/Frameworks/ApplicationServices.framework/Versions/A/Frameworks/ATS.framework/Versions/A/Resources/libFontParser.dylib
0x00000000011fd000 	/System/Library/Frameworks/ApplicationServices.framework/Versions/A/Frameworks/ATS.framework/Versions/A/Resources/libFontRegistry.dylib
0x00000000011fd000 	/System/Library/PrivateFrameworks/AppleVPA.framework/Versions/A/AppleVPA
0x00000000011fd000 	/System/Library/PrivateFrameworks/AppleJPEG.framework/Versions/A/AppleJPEG
0x00000000011fd000 	/System/Library/Frameworks/ImageIO.framework/Versions/A/Resources/libJPEG.dylib
0x00000000011fd000 	/System/Library/Frameworks/ImageIO.framework/Versions/A/Resources/libTIFF.dylib
0x00000000011fd000 	/System/Library/Frameworks/ImageIO.framework/Versions/A/Resources/libPng.dylib
0x00000000011fd000 	/System/Library/Frameworks/ImageIO.framework/Versions/A/Resources/libGIF.dylib
0x00000000011fd000 	/System/Library/Frameworks/ImageIO.framework/Versions/A/Resources/libJP2.dylib
0x00000000011fd000 	/System/Library/Frameworks/ImageIO.framework/Versions/A/Resources/libRadiance.dylib
0x00000000011fd000 	/System/Library/Frameworks/CoreVideo.framework/Versions/A/CoreVideo
0x00000000011fd000 	/System/Library/Frameworks/OpenGL.framework/Versions/A/Libraries/libGLU.dylib
0x00000000011fd000 	/System/Library/Frameworks/OpenGL.framework/Versions/A/Libraries/libGFXShared.dylib
0x00000000011fd000 	/System/Library/Frameworks/OpenGL.framework/Versions/A/Libraries/libGL.dylib
0x00000000011fd000 	/System/Library/Frameworks/OpenGL.framework/Versions/A/Libraries/libGLImage.dylib
0x00000000011fd000 	/System/Library/Frameworks/OpenGL.framework/Versions/A/Libraries/libCVMSPluginSupport.dylib
0x00000000011fd000 	/System/Library/Frameworks/OpenGL.framework/Versions/A/Libraries/libCoreVMClient.dylib
0x00000000011fd000 	/usr/lib/libcups.2.dylib
0x00000000011fd000 	/System/Library/Frameworks/Kerberos.framework/Versions/A/Kerberos
0x00000000011fd000 	/System/Library/Frameworks/GSS.framework/Versions/A/GSS
0x00000000011fd000 	/usr/lib/libresolv.9.dylib
0x00000000011fd000 	/usr/lib/libiconv.2.dylib
0x00000000011fd000 	/System/Library/PrivateFrameworks/Heimdal.framework/Versions/A/Heimdal
0x00000000011fd000 	/usr/lib/libheimdal-asn1.dylib
0x00000000011fd000 	/System/Library/Frameworks/OpenDirectory.framework/Versions/A/OpenDirectory
0x00000000011fd000 	/System/Library/PrivateFrameworks/CommonAuth.framework/Versions/A/CommonAuth
0x00000000011fd000 	/System/Library/Frameworks/OpenDirectory.framework/Versions/A/Frameworks/CFOpenDirectory.framework/Versions/A/CFOpenDirectory
0x00000000011fd000 	/System/Library/Frameworks/SecurityFoundation.framework/Versions/A/SecurityFoundation
0x00000000011fd000 	/System/Library/PrivateFrameworks/LanguageModeling.framework/Versions/A/LanguageModeling
0x00000000011fd000 	/usr/lib/libmarisa.dylib
0x00000000011fd000 	/usr/lib/libChineseTokenizer.dylib
0x00000000011fd000 	/usr/lib/libcmph.dylib
0x00000000011fd000 	/usr/lib/libcompression.dylib
0x00000000011fd000 	/System/Library/Frameworks/ServiceManagement.framework/Versions/A/ServiceManagement
0x00000000011fd000 	/usr/lib/libxslt.1.dylib
0x00000000011fd000 	/System/Library/Frameworks/Carbon.framework/Versions/A/Frameworks/Ink.framework/Versions/A/Ink
0x00000000011fd000 	/usr/lib/libFosl_dynamic.dylib
0x00000000011fd000 	/System/Library/PrivateFrameworks/FaceCore.framework/Versions/A/FaceCore
0x00000000011fd000 	/System/Library/Frameworks/OpenCL.framework/Versions/A/OpenCL
0x00000000011fd000 	/System/Library/PrivateFrameworks/CrashReporterSupport.framework/Versions/A/CrashReporterSupport
0x00000000011fd000 	/System/Library/PrivateFrameworks/IconServices.framework/Versions/A/IconServices
0x00000000011fd000 	/System/Library/PrivateFrameworks/Apple80211.framework/Versions/A/Apple80211
0x00000000011fd000 	/System/Library/Frameworks/CoreWLAN.framework/Versions/A/CoreWLAN
0x00000000011fd000 	/System/Library/Frameworks/IOBluetooth.framework/Versions/A/IOBluetooth
0x00000000011fd000 	/System/Library/PrivateFrameworks/CoreWiFi.framework/Versions/A/CoreWiFi
0x00000000011fd000 	/System/Library/Frameworks/CoreBluetooth.framework/Versions/A/CoreBluetooth
0x00000000011fd000 	/System/Library/PrivateFrameworks/ChunkingLibrary.framework/Versions/A/ChunkingLibrary
0x00000000011fd000 	/System/Library/PrivateFrameworks/DebugSymbols.framework/Versions/A/DebugSymbols
0x00000000011fd000 	/System/Library/PrivateFrameworks/CoreSymbolication.framework/Versions/A/CoreSymbolication
0x00000000011fd000 	/System/Library/PrivateFrameworks/Symbolication.framework/Versions/A/Symbolication
0x00000000011fd000 	/System/Library/PrivateFrameworks/SpeechRecognitionCore.framework/Versions/A/SpeechRecognitionCore
0x0000000101a00000 	/Library/Java/JavaVirtualMachines/jdk1.8.0_45.jdk/Contents/Home/jre/lib/server/libjvm.dylib
0x0000000102969000 	/usr/lib/libstdc++.6.dylib
0x00000001011c5000 	/Library/Java/JavaVirtualMachines/jdk1.8.0_45.jdk/Contents/Home/jre/lib/libverify.dylib
0x0000000102a20000 	/Library/Java/JavaVirtualMachines/jdk1.8.0_45.jdk/Contents/Home/jre/lib/libjava.dylib
0x00000001011dd000 	/Library/Java/JavaVirtualMachines/jdk1.8.0_45.jdk/Contents/Home/jre/lib/libzip.dylib
0x00000001183b7000 	/System/Library/Frameworks/JavaVM.framework/Frameworks/JavaRuntimeSupport.framework/JavaRuntimeSupport
0x00000001011e7000 	/System/Library/Frameworks/JavaVM.framework/Versions/A/Frameworks/JavaNativeFoundation.framework/Versions/A/JavaNativeFoundation
0x00000001183d2000 	/System/Library/Frameworks/JavaVM.framework/Versions/A/JavaVM
0x00000000011fd000 	/System/Library/Frameworks/Carbon.framework/Versions/A/Carbon
0x00000001183df000 	/System/Library/PrivateFrameworks/JavaLaunching.framework/Versions/A/JavaLaunching
0x00000000011fd000 	/System/Library/Frameworks/Carbon.framework/Versions/A/Frameworks/CommonPanels.framework/Versions/A/CommonPanels
0x00000000011fd000 	/System/Library/Frameworks/Carbon.framework/Versions/A/Frameworks/Help.framework/Versions/A/Help
0x00000000011fd000 	/System/Library/Frameworks/Carbon.framework/Versions/A/Frameworks/ImageCapture.framework/Versions/A/ImageCapture
0x00000000011fd000 	/System/Library/Frameworks/Carbon.framework/Versions/A/Frameworks/OpenScripting.framework/Versions/A/OpenScripting
0x00000000011fd000 	/System/Library/Frameworks/Carbon.framework/Versions/A/Frameworks/Print.framework/Versions/A/Print
0x00000000011fd000 	/System/Library/Frameworks/Carbon.framework/Versions/A/Frameworks/SecurityHI.framework/Versions/A/SecurityHI
0x0000000119cfe000 	/Library/Java/JavaVirtualMachines/jdk1.8.0_45.jdk/Contents/Home/jre/lib/libawt.dylib
0x0000000119da6000 	/Library/Java/JavaVirtualMachines/jdk1.8.0_45.jdk/Contents/Home/jre/lib/./libmlib_image.dylib
0x0000000119e72000 	/Library/Java/JavaVirtualMachines/jdk1.8.0_45.jdk/Contents/Home/jre/lib/libawt_lwawt.dylib
0x0000000119f26000 	/Library/Java/JavaVirtualMachines/jdk1.8.0_45.jdk/Contents/Home/jre/lib/./libosxapp.dylib
0x00000000011fd000 	/System/Library/Frameworks/ExceptionHandling.framework/Versions/A/ExceptionHandling
0x00000000011fd000 	/System/Library/PrivateFrameworks/CoreServicesInternal.framework/Versions/A/CoreServicesInternal
0x00000000011fd000 	/System/Library/Frameworks/CoreGraphics.framework/Versions/A/Resources/libRIP.A.dylib
0x000000011aa62000 	/System/Library/Frameworks/Accelerate.framework/Frameworks/vImage.framework/Versions/A/Libraries/libCGInterfaces.dylib
0x00000000011fd000 	/System/Library/Frameworks/CoreGraphics.framework/Versions/A/Resources/libCGXType.A.dylib
0x00000000011fd000 	/System/Library/Frameworks/OpenCL.framework/Versions/A/Libraries/libcldcpuengine.dylib
0x00000000011fd000 	/System/Library/PrivateFrameworks/DiskImages.framework/Versions/A/DiskImages
0x00000000011fd000 	/System/Library/Frameworks/DiscRecording.framework/Versions/A/DiscRecording
0x00000000011fd000 	/usr/lib/libcsfde.dylib
0x00000000011fd000 	/usr/lib/libcurl.4.dylib
0x00000000011fd000 	/System/Library/PrivateFrameworks/MediaKit.framework/Versions/A/MediaKit
0x00000000011fd000 	/System/Library/PrivateFrameworks/ProtectedCloudStorage.framework/Versions/A/ProtectedCloudStorage
0x00000000011fd000 	/usr/lib/libCoreStorage.dylib
0x00000000011fd000 	/System/Library/PrivateFrameworks/EFILogin.framework/Versions/A/EFILogin
0x00000000011fd000 	/usr/lib/libutil.dylib
0x00000000011fd000 	/System/Library/PrivateFrameworks/FindMyDevice.framework/Versions/A/FindMyDevice
0x00000000011fd000 	/System/Library/Frameworks/LDAP.framework/Versions/A/LDAP
0x00000000011fd000 	/usr/lib/libsasl2.2.dylib
0x00000000011fd000 	/System/Library/PrivateFrameworks/CoreDaemon.framework/Versions/B/CoreDaemon
0x00000000011fd000 	/usr/lib/libcrypto.0.9.8.dylib
0x00000000011fd000 	/System/Library/PrivateFrameworks/AppleSRP.framework/Versions/A/AppleSRP
0x00000000011fd000 	/System/Library/PrivateFrameworks/TrustEvaluationAgent.framework/Versions/A/TrustEvaluationAgent
0x000000011ba63000 	cl_kernels
0x00000000011fd000 	/System/Library/Frameworks/OpenCL.framework/Versions/A/Libraries/ImageFormats/unorm8_bgra.dylib
0x00000000011fd000 	/System/Library/Frameworks/OpenCL.framework/Versions/A/Libraries/ImageFormats/unorm8_rgba.dylib
0x00000000011fd000 	/System/Library/PrivateFrameworks/FamilyControls.framework/Versions/A/FamilyControls
0x00000000011fd000 	/System/Library/PrivateFrameworks/CommerceKit.framework/Versions/A/Frameworks/CommerceCore.framework/Versions/A/CommerceCore
0x00000000011fd000 	/System/Library/PrivateFrameworks/SystemAdministration.framework/Versions/A/SystemAdministration
0x00000000011fd000 	/System/Library/PrivateFrameworks/AppContainer.framework/Versions/A/AppContainer
0x00000000011fd000 	/System/Library/PrivateFrameworks/SecCodeWrapper.framework/Versions/A/SecCodeWrapper
0x00000000011fd000 	/System/Library/Frameworks/DirectoryService.framework/Versions/A/DirectoryService
0x00000000011fd000 	/System/Library/PrivateFrameworks/LoginUIKit.framework/Versions/A/Frameworks/LoginUICore.framework/Versions/A/LoginUICore
0x00000000011fd000 	/usr/lib/libodfde.dylib
0x000000011cad8000 	/System/Library/Frameworks/OpenGL.framework/Resources/GLEngine.bundle/GLEngine
0x00000000011fd000 	/System/Library/Frameworks/OpenGL.framework/Versions/A/Libraries/libGLProgrammability.dylib
0x000000011ccc0000 	/System/Library/Extensions/AppleIntelHD5000GraphicsGLDriver.bundle/Contents/MacOS/AppleIntelHD5000GraphicsGLDriver
0x00000000011fd000 	/System/Library/PrivateFrameworks/GPUSupport.framework/Versions/A/Libraries/libGPUSupportMercury.dylib
0x000000011d410000 	/System/Library/Frameworks/OpenGL.framework/Resources//GLRendererFloat.bundle/GLRendererFloat
0x000000011dccf000 	/Library/Java/JavaVirtualMachines/jdk1.8.0_45.jdk/Contents/Home/jre/lib/libfontmanager.dylib
0x000000011dd36000 	/Library/Java/JavaVirtualMachines/jdk1.8.0_45.jdk/Contents/Home/jre/lib/libosxui.dylib
0x0000000120fd6000 	/System/Library/Extensions/AppleIntelHD5000GraphicsMTLDriver.bundle/Contents/MacOS/AppleIntelHD5000GraphicsMTLDriver
0x0000000121b25000 	/Library/Java/JavaVirtualMachines/jdk1.8.0_45.jdk/Contents/Home/jre/lib/libjsound.dylib
0x0000000121b38000 	/System/Library/Frameworks/CoreMIDI.framework/Versions/A/CoreMIDI
0x0000000121b98000 	/usr/lib/libexpat.1.dylib
0x0000000121bbb000 	/System/Library/Extensions/AppleHDA.kext/Contents/PlugIns/AppleHDAHALPlugIn.bundle/Contents/MacOS/AppleHDAHALPlugIn
0x0000000125bd9000 	/System/Library/Components/CoreAudio.component/Contents/MacOS/CoreAudio
0x0000000127e2d000 	/Library/Java/JavaVirtualMachines/jdk1.8.0_45.jdk/Contents/Home/jre/lib/libnet.dylib
0x0000000127e8c000 	/Library/Java/JavaVirtualMachines/jdk1.8.0_45.jdk/Contents/Home/jre/lib/libnio.dylib
0x00000000011fd000 	/System/Library/Frameworks/ApplicationServices.framework/Versions/A/Frameworks/ATS.framework/Versions/A/Resources/libTrueTypeScaler.dylib

VM Arguments:
jvm_args: -Dfile.encoding=UTF-8 
java_command: Main
java_class_path (initial): /Users/garrettgu/Google Drive/workspace/Labrat/bin
Launcher Type: SUN_STANDARD

Environment Variables:
PATH=/usr/bin:/bin:/usr/sbin:/sbin
SHELL=/bin/bash

Signal Handlers:
SIGSEGV: [libjvm.dylib+0x58ef95], sa_mask[0]=11111111011111110111111111111111, sa_flags=SA_ONSTACK|SA_RESTART|SA_SIGINFO
SIGBUS: [libjvm.dylib+0x58ef95], sa_mask[0]=11111111011111110111111111111111, sa_flags=SA_RESTART|SA_SIGINFO
SIGFPE: [libjvm.dylib+0x46c108], sa_mask[0]=11111111011111110111111111111111, sa_flags=SA_RESTART|SA_SIGINFO
SIGPIPE: [libjvm.dylib+0x46c108], sa_mask[0]=11111111011111110111111111111111, sa_flags=SA_RESTART|SA_SIGINFO
SIGXFSZ: [libjvm.dylib+0x46c108], sa_mask[0]=11111111011111110111111111111111, sa_flags=SA_RESTART|SA_SIGINFO
SIGILL: [libjvm.dylib+0x46c108], sa_mask[0]=11111111011111110111111111111111, sa_flags=SA_RESTART|SA_SIGINFO
SIGUSR1: SIG_DFL, sa_mask[0]=00000000000000000000000000000000, sa_flags=none
SIGUSR2: [libjvm.dylib+0x46bc26], sa_mask[0]=00100000000000000000000000000000, sa_flags=SA_RESTART|SA_SIGINFO
SIGHUP: [libjvm.dylib+0x46a1f9], sa_mask[0]=11111111011111110111111111111111, sa_flags=SA_RESTART|SA_SIGINFO
SIGINT: [libjvm.dylib+0x46a1f9], sa_mask[0]=11111111011111110111111111111111, sa_flags=SA_RESTART|SA_SIGINFO
SIGTERM: [libjvm.dylib+0x46a1f9], sa_mask[0]=11111111011111110111111111111111, sa_flags=SA_RESTART|SA_SIGINFO
SIGQUIT: [libjvm.dylib+0x46a1f9], sa_mask[0]=11111111011111110111111111111111, sa_flags=SA_RESTART|SA_SIGINFO


---------------  S Y S T E M  ---------------

OS:Bsduname:Darwin 15.2.0 Darwin Kernel Version 15.2.0: Fri Nov 13 19:56:56 PST 2015; root:xnu-3248.20.55~2/RELEASE_X86_64 x86_64
rlimit: STACK 8192k, CORE 0k, NPROC 709, NOFILE 10240, AS infinity
load average:1.89 1.77 1.89

CPU:total 4 (2 cores per cpu, 2 threads per core) family 6 model 69 stepping 1, cmov, cx8, fxsr, mmx, sse, sse2, sse3, ssse3, sse4.1, sse4.2, popcnt, avx, avx2, aes, clmul, erms, lzcnt, ht, tsc, tscinvbit, bmi1, bmi2

Memory: 4k page, physical 8388608k(1372092k free)

/proc/meminfo:


vm_info: Java HotSpot(TM) 64-Bit Server VM (25.45-b02) for bsd-amd64 JRE (1.8.0_45-b14), built on Apr 10 2015 10:46:38 by "java_re" with gcc 4.2.1 (Based on Apple Inc. build 5658) (LLVM build 2336.11.00)

time: Mon Jan  4 21:20:28 2016
elapsed time: 18 seconds (0d 0h 0m 18s)

